[01m[K/home/samuel/MCAV/ESDA/Asterius_MK2/Asterius_MK2_ws/esda_simulation/src/esda_hardware_2025/hardware/esda_hardware_2025.cpp:1:10:[m[K [01;31m[Kfatal error: [m[Kdiffdrive_arduino/diffbot_system.hpp: No such file or directory
    1 | #include [01;31m[K"diffdrive_arduino/diffbot_system.hpp"[m[K
      |          [01;31m[K^~~~~~~~~~~~~~~~~~~~~~~~~~~~~~~~~~~~~~[m[K
compilation terminated.
gmake[2]: *** [CMakeFiles/esda_hardware_2025.dir/build.make:76: CMakeFiles/esda_hardware_2025.dir/hardware/esda_hardware_2025.cpp.o] Error 1
gmake[1]: *** [CMakeFiles/Makefile2:137: CMakeFiles/esda_hardware_2025.dir/all] Error 2
gmake: *** [Makefile:146: all] Error 2
