[0.007s] Invoking command in '/home/samuel/MCAV/ESDA/Asterius_MK2/Asterius_MK2_ws/esda_simulation/build/esda_hardware_2025': CMAKE_PREFIX_PATH=/opt/ros/humble /usr/bin/cmake --build /home/samuel/MCAV/ESDA/Asterius_MK2/Asterius_MK2_ws/esda_simulation/build/esda_hardware_2025 -- -j20 -l20
[0.026s] -- Found ament_cmake: 1.3.11 (/opt/ros/humble/share/ament_cmake/cmake)
[0.103s] -- Override CMake install command with custom implementation using symlinks instead of copying resources
[0.107s] -- Found hardware_interface: 2.50.0 (/opt/ros/humble/share/hardware_interface/cmake)
[0.123s] -- Found rosidl_generator_c: 3.1.6 (/opt/ros/humble/share/rosidl_generator_c/cmake)
[0.124s] -- Found rosidl_adapter: 3.1.6 (/opt/ros/humble/share/rosidl_adapter/cmake)
[0.128s] -- Found rosidl_generator_cpp: 3.1.6 (/opt/ros/humble/share/rosidl_generator_cpp/cmake)
[0.133s] -- Using all available rosidl_typesupport_c: rosidl_typesupport_fastrtps_c;rosidl_typesupport_introspection_c
[0.139s] -- Using all available rosidl_typesupport_cpp: rosidl_typesupport_fastrtps_cpp;rosidl_typesupport_introspection_cpp
[0.242s] -- Found rmw_implementation_cmake: 6.1.2 (/opt/ros/humble/share/rmw_implementation_cmake/cmake)
[0.242s] -- Found rmw_fastrtps_cpp: 6.2.7 (/opt/ros/humble/share/rmw_fastrtps_cpp/cmake)
[0.253s] -- Found TinyXML2 via Config file: TinyXML2_DIR-NOTFOUND
[0.260s] -- Found TinyXML2 via Config file: TinyXML2_DIR-NOTFOUND
[0.272s] -- Found TinyXML2 via Config file: TinyXML2_DIR-NOTFOUND
[0.279s] -- Found TinyXML2 via Config file: TinyXML2_DIR-NOTFOUND
[0.286s] -- Using RMW implementation 'rmw_fastrtps_cpp' as default
[0.315s] -- Found ament_lint_auto: 0.12.12 (/opt/ros/humble/share/ament_lint_auto/cmake)
[0.358s] -- Added test 'cppcheck' to perform static code analysis on C / C++ code
[0.358s] -- Configured cppcheck include dirs: $<BUILD_INTERFACE:/home/samuel/MCAV/ESDA/Asterius_MK2/Asterius_MK2_ws/esda_simulation/src/esda_hardware_2025/hardware/include>
[0.358s] -- Configured cppcheck exclude dirs and/or files: 
[0.358s] -- Added test 'lint_cmake' to check CMake code style
[0.359s] -- Added test 'uncrustify' to check C / C++ code style
[0.359s] -- Configured uncrustify additional arguments: 
[0.359s] -- Added test 'xmllint' to check XML markup files
[0.359s] -- Configuring done
[0.399s] -- Generating done
[0.402s] -- Build files have been written to: /home/samuel/MCAV/ESDA/Asterius_MK2/Asterius_MK2_ws/esda_simulation/build/esda_hardware_2025
[0.429s] [ 50%] [32mBuilding CXX object CMakeFiles/esda_hardware_2025.dir/hardware/esda_hardware_2025.cpp.o[0m
[0.460s] [01m[K/home/samuel/MCAV/ESDA/Asterius_MK2/Asterius_MK2_ws/esda_simulation/src/esda_hardware_2025/hardware/esda_hardware_2025.cpp:1:10:[m[K [01;31m[Kfatal error: [m[Kdiffdrive_arduino/diffbot_system.hpp: No such file or directory
[0.460s]     1 | #include [01;31m[K"diffdrive_arduino/diffbot_system.hpp"[m[K
[0.460s]       |          [01;31m[K^~~~~~~~~~~~~~~~~~~~~~~~~~~~~~~~~~~~~~[m[K
[0.460s] compilation terminated.
[0.461s] gmake[2]: *** [CMakeFiles/esda_hardware_2025.dir/build.make:76: CMakeFiles/esda_hardware_2025.dir/hardware/esda_hardware_2025.cpp.o] Error 1
[0.461s] gmake[1]: *** [CMakeFiles/Makefile2:137: CMakeFiles/esda_hardware_2025.dir/all] Error 2
[0.461s] gmake: *** [Makefile:146: all] Error 2
[0.463s] Invoked command in '/home/samuel/MCAV/ESDA/Asterius_MK2/Asterius_MK2_ws/esda_simulation/build/esda_hardware_2025' returned '2': CMAKE_PREFIX_PATH=/opt/ros/humble /usr/bin/cmake --build /home/samuel/MCAV/ESDA/Asterius_MK2/Asterius_MK2_ws/esda_simulation/build/esda_hardware_2025 -- -j20 -l20
