In file included from [01m[K/home/samuel/MCAV/ESDA/Asterius_MK2/Asterius_MK2_ws/esda_simulation/src/esda_hardware_2025/hardware/esda_hardware_2025.cpp:1[m[K:
[01m[K/home/samuel/MCAV/ESDA/Asterius_MK2/Asterius_MK2_ws/esda_simulation/src/esda_hardware_2025/hardware/include/esda_hardware_2025/esda_hardware_2025.hpp:28:18:[m[K [01;31m[Kerror: [m[Kâ€˜[01m[Kstring_device[m[Kâ€™ in namespace â€˜[01m[Kstd[m[Kâ€™ does not name a type; did you mean â€˜[01m[Kstring_view[m[Kâ€™?
   28 |             std::[01;31m[Kstring_device[m[K = "";
      |                  [01;31m[K^~~~~~~~~~~~~[m[K
      |                  [32m[Kstring_view[m[K
[01m[K/home/samuel/MCAV/ESDA/Asterius_MK2/Asterius_MK2_ws/esda_simulation/src/esda_hardware_2025/hardware/include/esda_hardware_2025/esda_hardware_2025.hpp:39:60:[m[K [01;35m[Kwarning: [m[Kextra â€˜[01m[K;[m[Kâ€™ [[01;35m[K-Wpedantic[m[K]
   39 |             RCLCPP_SHARED_PTR_DEFINITIONS(EsdaHardware2025)[01;35m[K;[m[K
      |                                                            [01;35m[K^[m[K
      |                                                            [31m[K-[m[K
[01m[K/home/samuel/MCAV/ESDA/Asterius_MK2/Asterius_MK2_ws/esda_simulation/src/esda_hardware_2025/hardware/include/esda_hardware_2025/esda_hardware_2025.hpp:78:13:[m[K [01;31m[Kerror: [m[Kâ€˜[01m[KSTMComms[m[Kâ€™ does not name a type
   78 |             [01;31m[KSTMComms[m[K comms_;
      |             [01;31m[K^~~~~~~~[m[K
[01m[K/home/samuel/MCAV/ESDA/Asterius_MK2/Asterius_MK2_ws/esda_simulation/src/esda_hardware_2025/hardware/include/esda_hardware_2025/esda_hardware_2025.hpp:80:13:[m[K [01;31m[Kerror: [m[Kâ€˜[01m[KWheel[m[Kâ€™ does not name a type
   80 |             [01;31m[KWheel[m[K wheel_l_;
      |             [01;31m[K^~~~~[m[K
[01m[K/home/samuel/MCAV/ESDA/Asterius_MK2/Asterius_MK2_ws/esda_simulation/src/esda_hardware_2025/hardware/include/esda_hardware_2025/esda_hardware_2025.hpp:81:13:[m[K [01;31m[Kerror: [m[Kâ€˜[01m[KWheel[m[Kâ€™ does not name a type
   81 |             [01;31m[KWheel[m[K wheel_r_;
      |             [01;31m[K^~~~~[m[K
[01m[K/home/samuel/MCAV/ESDA/Asterius_MK2/Asterius_MK2_ws/esda_simulation/src/esda_hardware_2025/hardware/esda_hardware_2025.cpp:[m[K In member function â€˜[01m[Kvirtual hardware_interface::CallbackReturn esda_hardware_2025::EsdaHardware2025::on_init(const hardware_interface::HardwareInfo&)[m[Kâ€™:
[01m[K/home/samuel/MCAV/ESDA/Asterius_MK2/Asterius_MK2_ws/esda_simulation/src/esda_hardware_2025/hardware/esda_hardware_2025.cpp:22:14:[m[K [01;31m[Kerror: [m[Kâ€˜[01m[Kstruct esda_hardware_2025::EsdaHardware2025::Config[m[Kâ€™ has no member named â€˜[01m[Kdevice[m[Kâ€™
   22 |         cfg_.[01;31m[Kdevice[m[K = info_.hardware_parameters["device"];
      |              [01;31m[K^~~~~~[m[K
[01m[K/home/samuel/MCAV/ESDA/Asterius_MK2/Asterius_MK2_ws/esda_simulation/src/esda_hardware_2025/hardware/esda_hardware_2025.cpp:35:9:[m[K [01;31m[Kerror: [m[Kâ€˜[01m[Kwheel_l_[m[Kâ€™ was not declared in this scope
   35 |         [01;31m[Kwheel_l_[m[K.setup(cfg_.left_wheel_name, cfg_.enc_counts_per_rev);
      |         [01;31m[K^~~~~~~~[m[K
[01m[K/home/samuel/MCAV/ESDA/Asterius_MK2/Asterius_MK2_ws/esda_simulation/src/esda_hardware_2025/hardware/esda_hardware_2025.cpp:36:9:[m[K [01;31m[Kerror: [m[Kâ€˜[01m[Kwheel_r_[m[Kâ€™ was not declared in this scope
   36 |         [01;31m[Kwheel_r_[m[K.setup(cfg_.right_wheel_name, cfg_.enc_counts_per_rev);
      |         [01;31m[K^~~~~~~~[m[K
[01m[K/home/samuel/MCAV/ESDA/Asterius_MK2/Asterius_MK2_ws/esda_simulation/src/esda_hardware_2025/hardware/esda_hardware_2025.cpp:[m[K In member function â€˜[01m[Kvirtual std::vector<hardware_interface::StateInterface> esda_hardware_2025::EsdaHardware2025::export_state_interfaces()[m[Kâ€™:
[01m[K/home/samuel/MCAV/ESDA/Asterius_MK2/Asterius_MK2_ws/esda_simulation/src/esda_hardware_2025/hardware/esda_hardware_2025.cpp:95:13:[m[K [01;31m[Kerror: [m[Kâ€˜[01m[Kwheel_l_[m[Kâ€™ was not declared in this scope
   95 |             [01;31m[Kwheel_l_[m[K.name, hardware_interface::HW_IF_POSITION, &wheel_l_.pos));
      |             [01;31m[K^~~~~~~~[m[K
[01m[K/home/samuel/MCAV/ESDA/Asterius_MK2/Asterius_MK2_ws/esda_simulation/src/esda_hardware_2025/hardware/esda_hardware_2025.cpp:100:13:[m[K [01;31m[Kerror: [m[Kâ€˜[01m[Kwheel_r_[m[Kâ€™ was not declared in this scope
  100 |             [01;31m[Kwheel_r_[m[K.name, hardware_interface::HW_IF_POSITION, &wheel_r_.pos));
      |             [01;31m[K^~~~~~~~[m[K
[01m[K/home/samuel/MCAV/ESDA/Asterius_MK2/Asterius_MK2_ws/esda_simulation/src/esda_hardware_2025/hardware/esda_hardware_2025.cpp:[m[K In member function â€˜[01m[Kvirtual std::vector<hardware_interface::CommandInterface> esda_hardware_2025::EsdaHardware2025::export_command_interfaces()[m[Kâ€™:
[01m[K/home/samuel/MCAV/ESDA/Asterius_MK2/Asterius_MK2_ws/esda_simulation/src/esda_hardware_2025/hardware/esda_hardware_2025.cpp:111:13:[m[K [01;31m[Kerror: [m[Kâ€˜[01m[Kwheel_l_[m[Kâ€™ was not declared in this scope
  111 |             [01;31m[Kwheel_l_[m[K.name, hardware_interface::HW_IF_VELOCITY, &wheel_l_.cmd));
      |             [01;31m[K^~~~~~~~[m[K
[01m[K/home/samuel/MCAV/ESDA/Asterius_MK2/Asterius_MK2_ws/esda_simulation/src/esda_hardware_2025/hardware/esda_hardware_2025.cpp:114:13:[m[K [01;31m[Kerror: [m[Kâ€˜[01m[Kwheel_r_[m[Kâ€™ was not declared in this scope
  114 |             [01;31m[Kwheel_r_[m[K.name, hardware_interface::HW_IF_VELOCITY, &wheel_r_.cmd));
      |             [01;31m[K^~~~~~~~[m[K
[01m[K/home/samuel/MCAV/ESDA/Asterius_MK2/Asterius_MK2_ws/esda_simulation/src/esda_hardware_2025/hardware/esda_hardware_2025.cpp:[m[K In member function â€˜[01m[Kvirtual hardware_interface::CallbackReturn esda_hardware_2025::EsdaHardware2025::on_configure(const rclcpp_lifecycle::State&)[m[Kâ€™:
[01m[K/home/samuel/MCAV/ESDA/Asterius_MK2/Asterius_MK2_ws/esda_simulation/src/esda_hardware_2025/hardware/esda_hardware_2025.cpp:122:13:[m[K [01;31m[Kerror: [m[Kâ€˜[01m[Kcomms_[m[Kâ€™ was not declared in this scope
  122 |         if ([01;31m[Kcomms_[m[K.connected()) {
      |             [01;31m[K^~~~~~[m[K
[01m[K/home/samuel/MCAV/ESDA/Asterius_MK2/Asterius_MK2_ws/esda_simulation/src/esda_hardware_2025/hardware/esda_hardware_2025.cpp:125:9:[m[K [01;31m[Kerror: [m[Kâ€˜[01m[Kcomms_[m[Kâ€™ was not declared in this scope
  125 |         [01;31m[Kcomms_[m[K.connect(cfg_.device, cfg_.baud_rate, cfg_.timeout_ms);
      |         [01;31m[K^~~~~~[m[K
[01m[K/home/samuel/MCAV/ESDA/Asterius_MK2/Asterius_MK2_ws/esda_simulation/src/esda_hardware_2025/hardware/esda_hardware_2025.cpp:125:29:[m[K [01;31m[Kerror: [m[Kâ€˜[01m[Kstruct esda_hardware_2025::EsdaHardware2025::Config[m[Kâ€™ has no member named â€˜[01m[Kdevice[m[Kâ€™
  125 |         comms_.connect(cfg_.[01;31m[Kdevice[m[K, cfg_.baud_rate, cfg_.timeout_ms);
      |                             [01;31m[K^~~~~~[m[K
[01m[K/home/samuel/MCAV/ESDA/Asterius_MK2/Asterius_MK2_ws/esda_simulation/src/esda_hardware_2025/hardware/esda_hardware_2025.cpp:[m[K In member function â€˜[01m[Kvirtual hardware_interface::CallbackReturn esda_hardware_2025::EsdaHardware2025::on_cleanup(const rclcpp_lifecycle::State&)[m[Kâ€™:
[01m[K/home/samuel/MCAV/ESDA/Asterius_MK2/Asterius_MK2_ws/esda_simulation/src/esda_hardware_2025/hardware/esda_hardware_2025.cpp:133:13:[m[K [01;31m[Kerror: [m[Kâ€˜[01m[Kcomms_[m[Kâ€™ was not declared in this scope
  133 |         if ([01;31m[Kcomms_[m[K.connected()) {
      |             [01;31m[K^~~~~~[m[K
[01m[K/home/samuel/MCAV/ESDA/Asterius_MK2/Asterius_MK2_ws/esda_simulation/src/esda_hardware_2025/hardware/esda_hardware_2025.cpp:[m[K In member function â€˜[01m[Kvirtual hardware_interface::CallbackReturn esda_hardware_2025::EsdaHardware2025::on_activate(const rclcpp_lifecycle::State&)[m[Kâ€™:
[01m[K/home/samuel/MCAV/ESDA/Asterius_MK2/Asterius_MK2_ws/esda_simulation/src/esda_hardware_2025/hardware/esda_hardware_2025.cpp:144:14:[m[K [01;31m[Kerror: [m[Kâ€˜[01m[Kcomms_[m[Kâ€™ was not declared in this scope
  144 |         if (![01;31m[Kcomms_[m[K.connected()) {
      |              [01;31m[K^~~~~~[m[K
[01m[K/home/samuel/MCAV/ESDA/Asterius_MK2/Asterius_MK2_ws/esda_simulation/src/esda_hardware_2025/hardware/esda_hardware_2025.cpp:148:13:[m[K [01;31m[Kerror: [m[Kâ€˜[01m[Kcomms_[m[Kâ€™ was not declared in this scope
  148 |             [01;31m[Kcomms_[m[K.set_pid_values(cfg_.pid_p,cfg_.pid_d,cfg_.pid_i,cfg_.pid_o);
      |             [01;31m[K^~~~~~[m[K
[01m[K/home/samuel/MCAV/ESDA/Asterius_MK2/Asterius_MK2_ws/esda_simulation/src/esda_hardware_2025/hardware/esda_hardware_2025.cpp:[m[K In member function â€˜[01m[Kvirtual hardware_interface::return_type esda_hardware_2025::EsdaHardware2025::read(const rclcpp::Time&, const rclcpp::Duration&)[m[Kâ€™:
[01m[K/home/samuel/MCAV/ESDA/Asterius_MK2/Asterius_MK2_ws/esda_simulation/src/esda_hardware_2025/hardware/esda_hardware_2025.cpp:163:14:[m[K [01;31m[Kerror: [m[Kâ€˜[01m[Kcomms_[m[Kâ€™ was not declared in this scope
  163 |         if (![01;31m[Kcomms_[m[K.connected()) {
      |              [01;31m[K^~~~~~[m[K
[01m[K/home/samuel/MCAV/ESDA/Asterius_MK2/Asterius_MK2_ws/esda_simulation/src/esda_hardware_2025/hardware/esda_hardware_2025.cpp:167:9:[m[K [01;31m[Kerror: [m[Kâ€˜[01m[Kcomms_[m[Kâ€™ was not declared in this scope
  167 |         [01;31m[Kcomms_[m[K.read_encoder_values(wheel_l_.enc, wheel_r_.enc);
      |         [01;31m[K^~~~~~[m[K
[01m[K/home/samuel/MCAV/ESDA/Asterius_MK2/Asterius_MK2_ws/esda_simulation/src/esda_hardware_2025/hardware/esda_hardware_2025.cpp:167:36:[m[K [01;31m[Kerror: [m[Kâ€˜[01m[Kwheel_l_[m[Kâ€™ was not declared in this scope
  167 |         comms_.read_encoder_values([01;31m[Kwheel_l_[m[K.enc, wheel_r_.enc);
      |                                    [01;31m[K^~~~~~~~[m[K
[01m[K/home/samuel/MCAV/ESDA/Asterius_MK2/Asterius_MK2_ws/esda_simulation/src/esda_hardware_2025/hardware/esda_hardware_2025.cpp:167:50:[m[K [01;31m[Kerror: [m[Kâ€˜[01m[Kwheel_r_[m[Kâ€™ was not declared in this scope
  167 |         comms_.read_encoder_values(wheel_l_.enc, [01;31m[Kwheel_r_[m[K.enc);
      |                                                  [01;31m[K^~~~~~~~[m[K
[01m[K/home/samuel/MCAV/ESDA/Asterius_MK2/Asterius_MK2_ws/esda_simulation/src/esda_hardware_2025/hardware/esda_hardware_2025.cpp:[m[K At global scope:
[01m[K/home/samuel/MCAV/ESDA/Asterius_MK2/Asterius_MK2_ws/esda_simulation/src/esda_hardware_2025/hardware/esda_hardware_2025.cpp:182:37:[m[K [01;31m[Kerror: [m[Kâ€˜[01m[Kdiffdrive_arduino[m[Kâ€™ has not been declared
  182 |     hardware_interface::return_type [01;31m[Kdiffdrive_arduino[m[K ::EsdaHardware2025::write(const rclcpp::Time & /*time*/, const rclcpp::Duration & /*period*/) {
      |                                     [01;31m[K^~~~~~~~~~~~~~~~~[m[K
[01m[K/home/samuel/MCAV/ESDA/Asterius_MK2/Asterius_MK2_ws/esda_simulation/src/esda_hardware_2025/hardware/esda_hardware_2025.cpp:[m[K In function â€˜[01m[Khardware_interface::return_type esda_hardware_2025::write(const rclcpp::Time&, const rclcpp::Duration&)[m[Kâ€™:
[01m[K/home/samuel/MCAV/ESDA/Asterius_MK2/Asterius_MK2_ws/esda_simulation/src/esda_hardware_2025/hardware/esda_hardware_2025.cpp:183:14:[m[K [01;31m[Kerror: [m[Kâ€˜[01m[Kcomms_[m[Kâ€™ was not declared in this scope
  183 |         if (![01;31m[Kcomms_[m[K.connected()) {
      |              [01;31m[K^~~~~~[m[K
[01m[K/home/samuel/MCAV/ESDA/Asterius_MK2/Asterius_MK2_ws/esda_simulation/src/esda_hardware_2025/hardware/esda_hardware_2025.cpp:187:39:[m[K [01;31m[Kerror: [m[Kâ€˜[01m[Kwheel_l_[m[Kâ€™ was not declared in this scope
  187 |         int motor_l_counts_per_loop = [01;31m[Kwheel_l_[m[K.cmd / wheel_l_.rads_per_count / cfg_.loop_rate;
      |                                       [01;31m[K^~~~~~~~[m[K
[01m[K/home/samuel/MCAV/ESDA/Asterius_MK2/Asterius_MK2_ws/esda_simulation/src/esda_hardware_2025/hardware/esda_hardware_2025.cpp:187:80:[m[K [01;31m[Kerror: [m[Kâ€˜[01m[Kcfg_[m[Kâ€™ was not declared in this scope
  187 |         int motor_l_counts_per_loop = wheel_l_.cmd / wheel_l_.rads_per_count / [01;31m[Kcfg_[m[K.loop_rate;
      |                                                                                [01;31m[K^~~~[m[K
[01m[K/home/samuel/MCAV/ESDA/Asterius_MK2/Asterius_MK2_ws/esda_simulation/src/esda_hardware_2025/hardware/esda_hardware_2025.cpp:188:39:[m[K [01;31m[Kerror: [m[Kâ€˜[01m[Kwheel_r_[m[Kâ€™ was not declared in this scope
  188 |         int motor_r_counts_per_loop = [01;31m[Kwheel_r_[m[K.cmd / wheel_r_.rads_per_count / cfg_.loop_rate;
      |                                       [01;31m[K^~~~~~~~[m[K
[01m[K/home/samuel/MCAV/ESDA/Asterius_MK2/Asterius_MK2_ws/esda_simulation/src/esda_hardware_2025/hardware/esda_hardware_2025.cpp:189:9:[m[K [01;31m[Kerror: [m[Kâ€˜[01m[Kcomms_[m[Kâ€™ was not declared in this scope
  189 |         [01;31m[Kcomms_[m[K.set_motor_values(motor_l_counts_per_loop, motor_r_counts_per_loop);
      |         [01;31m[K^~~~~~[m[K
gmake[2]: *** [CMakeFiles/esda_hardware_2025.dir/build.make:76: CMakeFiles/esda_hardware_2025.dir/hardware/esda_hardware_2025.cpp.o] Error 1
gmake[1]: *** [CMakeFiles/Makefile2:137: CMakeFiles/esda_hardware_2025.dir/all] Error 2
gmake: *** [Makefile:146: all] Error 2
